2014-01-22 19:43:59.684 HelloCordova[1927:18e03] Multi-tasking -> Device: YES, App: YES
2014-01-22 19:43:59.689 HelloCordova[1927:18e03] Unlimited access to network resources
2014-01-22 19:43:59.789 HelloCordova[1927:18e03] Resetting plugins due to page load.
2014-01-22 19:43:59.828 HelloCordova[1927:18e03] Finished load of: file:///Users/kate/Library/Application%20Support/iPhone%20Simulator/6.1/Applications/42363F5D-222A-43F0-8250-C74BBE5661EF/HelloCordova.app/www/index.html
Terminating in response to SpringBoard's termination.
2014-01-23 11:24:37.825 HelloCordova[1919:18e03] Multi-tasking -> Device: YES, App: YES
2014-01-23 11:24:38.018 HelloCordova[1919:18e03] Unlimited access to network resources
2014-01-23 11:24:40.494 HelloCordova[1919:18e03] Resetting plugins due to page load.
2014-01-23 11:24:40.949 HelloCordova[1919:18e03] Finished load of: file:///Users/kate/Library/Application%20Support/iPhone%20Simulator/6.1/Applications/42363F5D-222A-43F0-8250-C74BBE5661EF/HelloCordova.app/www/index.html
2014-01-23 11:27:39.130 HelloCordova[2178:18e03] Multi-tasking -> Device: YES, App: YES
2014-01-23 11:27:39.139 HelloCordova[2178:18e03] Unlimited access to network resources
2014-01-23 11:27:39.200 HelloCordova[2178:18e03] Resetting plugins due to page load.
2014-01-23 11:27:39.275 HelloCordova[2178:18e03] Finished load of: file:///Users/kate/Library/Application%20Support/iPhone%20Simulator/6.1/Applications/42363F5D-222A-43F0-8250-C74BBE5661EF/HelloCordova.app/www/index.html
2014-01-23 11:43:37.298 HelloCordova[2597:18e03] Multi-tasking -> Device: YES, App: YES
2014-01-23 11:43:37.307 HelloCordova[2597:18e03] Unlimited access to network resources
2014-01-23 11:43:37.427 HelloCordova[2597:18e03] Resetting plugins due to page load.
2014-01-23 11:43:37.797 HelloCordova[2597:18e03] Finished load of: file:///Users/kate/Library/Application%20Support/iPhone%20Simulator/6.1/Applications/42363F5D-222A-43F0-8250-C74BBE5661EF/HelloCordova.app/www/index.html
2014-01-23 13:07:20.213 HelloCordova[3874:18e03] Multi-tasking -> Device: YES, App: YES
2014-01-23 13:07:20.221 HelloCordova[3874:18e03] Unlimited access to network resources
2014-01-23 13:07:20.449 HelloCordova[3874:18e03] Resetting plugins due to page load.
2014-01-23 13:07:21.607 HelloCordova[3874:18e03] Finished load of: file:///Users/kate/Library/Application%20Support/iPhone%20Simulator/6.1/Applications/42363F5D-222A-43F0-8250-C74BBE5661EF/HelloCordova.app/www/index.html
2014-01-23 13:26:11.789 HelloCordova[4343:18e03] Multi-tasking -> Device: YES, App: YES
2014-01-23 13:26:11.798 HelloCordova[4343:18e03] Unlimited access to network resources
2014-01-23 13:26:11.866 HelloCordova[4343:18e03] Resetting plugins due to page load.
2014-01-23 13:26:12.519 HelloCordova[4343:18e03] Finished load of: file:///Users/kate/Library/Application%20Support/iPhone%20Simulator/6.1/Applications/42363F5D-222A-43F0-8250-C74BBE5661EF/HelloCordova.app/www/index.html
2014-01-23 14:33:29.644 HelloCordova[5350:18e03] Multi-tasking -> Device: YES, App: YES
2014-01-23 14:33:29.655 HelloCordova[5350:18e03] Unlimited access to network resources
2014-01-23 14:33:29.683 HelloCordova[5350:18e03] Resetting plugins due to page load.
2014-01-23 14:33:30.255 HelloCordova[5350:18e03] Finished load of: file:///Users/kate/Library/Application%20Support/iPhone%20Simulator/6.1/Applications/42363F5D-222A-43F0-8250-C74BBE5661EF/HelloCordova.app/www/index.html
2014-01-23 14:36:22.426 HelloCordova[5614:18e03] Multi-tasking -> Device: YES, App: YES
2014-01-23 14:36:22.435 HelloCordova[5614:18e03] Unlimited access to network resources
2014-01-23 14:36:22.470 HelloCordova[5614:18e03] Resetting plugins due to page load.
2014-01-23 14:36:22.764 HelloCordova[5614:18e03] Finished load of: file:///Users/kate/Library/Application%20Support/iPhone%20Simulator/6.1/Applications/42363F5D-222A-43F0-8250-C74BBE5661EF/HelloCordova.app/www/index.html
2014-01-23 14:37:07.057 HelloCordova[5856:18e03] Multi-tasking -> Device: YES, App: YES
2014-01-23 14:37:07.074 HelloCordova[5856:18e03] Unlimited access to network resources
2014-01-23 14:37:07.116 HelloCordova[5856:18e03] Resetting plugins due to page load.
2014-01-23 14:37:07.411 HelloCordova[5856:18e03] Finished load of: file:///Users/kate/Library/Application%20Support/iPhone%20Simulator/6.1/Applications/42363F5D-222A-43F0-8250-C74BBE5661EF/HelloCordova.app/www/index.html
2014-01-23 14:37:36.148 HelloCordova[6091:18e03] Multi-tasking -> Device: YES, App: YES
2014-01-23 14:37:36.159 HelloCordova[6091:18e03] Unlimited access to network resources
2014-01-23 14:37:36.197 HelloCordova[6091:18e03] Resetting plugins due to page load.
2014-01-23 14:37:36.485 HelloCordova[6091:18e03] Finished load of: file:///Users/kate/Library/Application%20Support/iPhone%20Simulator/6.1/Applications/42363F5D-222A-43F0-8250-C74BBE5661EF/HelloCordova.app/www/index.html
2014-01-23 15:04:45.993 HelloCordova[6516:18e03] Multi-tasking -> Device: YES, App: YES
2014-01-23 15:04:46.000 HelloCordova[6516:18e03] Unlimited access to network resources
2014-01-23 15:04:46.076 HelloCordova[6516:18e03] Resetting plugins due to page load.
2014-01-23 15:04:46.490 HelloCordova[6516:18e03] Finished load of: file:///Users/kate/Library/Application%20Support/iPhone%20Simulator/6.1/Applications/42363F5D-222A-43F0-8250-C74BBE5661EF/HelloCordova.app/www/index.html
2014-01-23 15:32:08.328 HelloCordova[7008:18e03] Multi-tasking -> Device: YES, App: YES
2014-01-23 15:32:08.335 HelloCordova[7008:18e03] Unlimited access to network resources
2014-01-23 15:32:08.418 HelloCordova[7008:18e03] Resetting plugins due to page load.
2014-01-23 15:32:08.666 HelloCordova[7008:18e03] Finished load of: file:///Users/kate/Library/Application%20Support/iPhone%20Simulator/6.1/Applications/42363F5D-222A-43F0-8250-C74BBE5661EF/HelloCordova.app/www/index.html
2014-01-23 15:58:29.610 HelloCordova[7661:18e03] Multi-tasking -> Device: YES, App: YES
2014-01-23 15:58:29.627 HelloCordova[7661:18e03] Unlimited access to network resources
2014-01-23 15:58:29.758 HelloCordova[7661:18e03] Resetting plugins due to page load.
2014-01-23 15:58:32.631 HelloCordova[7661:18e03] Finished load of: file:///Users/kate/Library/Application%20Support/iPhone%20Simulator/6.1/Applications/42363F5D-222A-43F0-8250-C74BBE5661EF/HelloCordova.app/www/index.html
2014-01-23 15:58:52.317 HelloCordova[7899:18e03] Multi-tasking -> Device: YES, App: YES
2014-01-23 15:58:52.325 HelloCordova[7899:18e03] Unlimited access to network resources
2014-01-23 15:58:52.499 HelloCordova[7899:18e03] Resetting plugins due to page load.
2014-01-23 15:58:53.322 HelloCordova[7899:18e03] Finished load of: file:///Users/kate/Library/Application%20Support/iPhone%20Simulator/6.1/Applications/42363F5D-222A-43F0-8250-C74BBE5661EF/HelloCordova.app/www/index.html
2014-01-23 16:32:46.714 HelloCordova[8701:18e03] Multi-tasking -> Device: YES, App: YES
2014-01-23 16:32:46.721 HelloCordova[8701:18e03] Unlimited access to network resources
2014-01-23 16:32:46.745 HelloCordova[8701:18e03] Resetting plugins due to page load.
2014-01-23 16:32:47.731 HelloCordova[8701:18e03] Finished load of: file:///Users/kate/Library/Application%20Support/iPhone%20Simulator/6.1/Applications/42363F5D-222A-43F0-8250-C74BBE5661EF/HelloCordova.app/www/index.html
2014-01-23 16:33:23.549 HelloCordova[8701:18e03] setting movie path: file:///Users/kate/Library/Application%20Support/iPhone%20Simulator/6.1/Applications/42363F5D-222A-43F0-8250-C74BBE5661EF/HelloCordova.app/www/audio/white_noise.mp3
2014-01-23 16:33:41.926 HelloCordova[8701:18e03] setting movie path: file:///Users/kate/Library/Application%20Support/iPhone%20Simulator/6.1/Applications/42363F5D-222A-43F0-8250-C74BBE5661EF/HelloCordova.app/www/audio/pink_noise.mp3
2014-01-23 16:33:46.240 HelloCordova[8701:18e03] setting movie path: file:///Users/kate/Library/Application%20Support/iPhone%20Simulator/6.1/Applications/42363F5D-222A-43F0-8250-C74BBE5661EF/HelloCordova.app/www/audio/brown_noise.mp3
2014-01-23 16:42:54.693 HelloCordova[9064:18e03] Multi-tasking -> Device: YES, App: YES
2014-01-23 16:42:54.707 HelloCordova[9064:18e03] Unlimited access to network resources
2014-01-23 16:42:54.796 HelloCordova[9064:18e03] Resetting plugins due to page load.
2014-01-23 16:42:55.621 HelloCordova[9064:18e03] Finished load of: file:///Users/kate/Library/Application%20Support/iPhone%20Simulator/6.1/Applications/42363F5D-222A-43F0-8250-C74BBE5661EF/HelloCordova.app/www/index.html
2014-01-23 16:43:21.967 HelloCordova[9064:18e03] setting movie path: file:///Users/kate/Library/Application%20Support/iPhone%20Simulator/6.1/Applications/42363F5D-222A-43F0-8250-C74BBE5661EF/HelloCordova.app/www/audio/white_noise.mp3
2014-01-23 16:43:24.439 HelloCordova[9064:18e03] setting movie path: file:///Users/kate/Library/Application%20Support/iPhone%20Simulator/6.1/Applications/42363F5D-222A-43F0-8250-C74BBE5661EF/HelloCordova.app/www/audio/pink_noise.mp3
2014-01-23 16:43:27.300 HelloCordova[9064:18e03] setting movie path: file:///Users/kate/Library/Application%20Support/iPhone%20Simulator/6.1/Applications/42363F5D-222A-43F0-8250-C74BBE5661EF/HelloCordova.app/www/audio/brown_noise.mp3
